
[INFO    :   django.utils.autoreload] - 2024-04-03 01:17:57,467 : run_with_reloader @0668: Watching for file changes with StatReloader
[INFO    :               myapp.views] - 2024-04-03 01:18:17,049 : main @0042: Страница "Главная" успешно открыта
[INFO    :             django.server] - 2024-04-03 01:18:17,049 : log_message @0212: "GET /main/ HTTP/1.1" 200 776
[INFO    :               myapp.views] - 2024-04-03 01:18:21,209 : main @0042: Страница "Главная" успешно открыта
[INFO    :             django.server] - 2024-04-03 01:18:21,209 : log_message @0212: "GET /main/ HTTP/1.1" 200 776
[INFO    :               myapp.views] - 2024-04-03 01:18:25,670 : about_me @0051:  >> посещена страница 'обо мне'/about
[INFO    :             django.server] - 2024-04-03 01:18:25,670 : log_message @0212: "GET /about_me/ HTTP/1.1" 200 184
[WARNING :            django.request] - 2024-04-03 01:18:35,518 : log_response @0241: Not Found: /
[WARNING :             django.server] - 2024-04-03 01:18:35,519 : log_message @0212: "GET / HTTP/1.1" 404 2400
[WARNING :            django.request] - 2024-04-03 01:18:42,527 : log_response @0241: Not Found: /
[WARNING :             django.server] - 2024-04-03 01:18:42,528 : log_message @0212: "GET / HTTP/1.1" 404 2400
[WARNING :            django.request] - 2024-04-03 01:18:54,155 : log_response @0241: Not Found: /
[WARNING :             django.server] - 2024-04-03 01:18:54,156 : log_message @0212: "GET / HTTP/1.1" 404 2400
[INFO    :               myapp.views] - 2024-04-03 01:19:32,069 : main @0042: Страница "Главная" успешно открыта
[INFO    :             django.server] - 2024-04-03 01:19:32,070 : log_message @0212: "GET /main/ HTTP/1.1" 200 776
[INFO    :               myapp.views] - 2024-04-03 01:19:43,793 : main @0042: Страница "Главная" успешно открыта
[INFO    :             django.server] - 2024-04-03 01:19:43,793 : log_message @0212: "GET /main/ HTTP/1.1" 200 776
[INFO    :               myapp.views] - 2024-04-03 01:19:46,506 : about_me @0051:  >> посещена страница 'обо мне'/about
[INFO    :             django.server] - 2024-04-03 01:19:46,507 : log_message @0212: "GET /about_me/ HTTP/1.1" 200 184
[INFO    :   django.utils.autoreload] - 2024-04-16 01:59:27,388 : run_with_reloader @0668: Watching for file changes with StatReloader
[WARNING :            django.request] - 2024-04-16 01:59:35,673 : log_response @0241: Not Found: /
[WARNING :             django.server] - 2024-04-16 01:59:35,673 : log_message @0212: "GET / HTTP/1.1" 404 2400
[WARNING :            django.request] - 2024-04-16 01:59:35,739 : log_response @0241: Not Found: /favicon.ico
[WARNING :             django.server] - 2024-04-16 01:59:35,740 : log_message @0212: "GET /favicon.ico HTTP/1.1" 404 2451
[INFO    :             django.server] - 2024-04-16 01:59:53,584 : log_message @0212: "GET /main HTTP/1.1" 301 0
[INFO    :               myapp.views] - 2024-04-16 01:59:53,587 : main @0042: Страница "Главная" успешно открыта
[INFO    :             django.server] - 2024-04-16 01:59:53,587 : log_message @0212: "GET /main/ HTTP/1.1" 200 776
[INFO    :   django.utils.autoreload] - 2024-04-16 02:08:01,943 : run_with_reloader @0668: Watching for file changes with StatReloader
[WARNING :            django.request] - 2024-04-16 02:08:04,772 : log_response @0241: Not Found: /
[WARNING :             django.server] - 2024-04-16 02:08:04,773 : log_message @0212: "GET / HTTP/1.1" 404 2400
[INFO    :             django.server] - 2024-04-16 02:08:15,272 : log_message @0212: "GET /admin HTTP/1.1" 301 0
[INFO    :             django.server] - 2024-04-16 02:08:15,285 : log_message @0212: "GET /admin/ HTTP/1.1" 302 0
[INFO    :             django.server] - 2024-04-16 02:08:15,356 : log_message @0212: "GET /admin/login/?next=/admin/ HTTP/1.1" 200 4158
[INFO    :             django.server] - 2024-04-16 02:08:15,450 : log_message @0212: "GET /static/admin/css/login.css HTTP/1.1" 200 958
[INFO    :             django.server] - 2024-04-16 02:08:15,452 : log_message @0212: "GET /static/admin/css/dark_mode.css HTTP/1.1" 200 2682
[INFO    :             django.server] - 2024-04-16 02:08:15,453 : log_message @0212: "GET /static/admin/css/responsive.css HTTP/1.1" 200 17905
[INFO    :             django.server] - 2024-04-16 02:08:15,454 : log_message @0212: "GET /static/admin/css/base.css HTTP/1.1" 200 21544
[INFO    :             django.server] - 2024-04-16 02:08:15,455 : log_message @0212: "GET /static/admin/css/nav_sidebar.css HTTP/1.1" 200 2810
[INFO    :             django.server] - 2024-04-16 02:08:15,459 : log_message @0212: "GET /static/admin/js/theme.js HTTP/1.1" 200 1943
[INFO    :             django.server] - 2024-04-16 02:08:15,463 : log_message @0212: "GET /static/admin/js/nav_sidebar.js HTTP/1.1" 200 3063
[INFO    :   django.utils.autoreload] - 2024-04-16 02:08:48,941 : run_with_reloader @0668: Watching for file changes with StatReloader
[INFO    :             django.server] - 2024-04-16 02:08:51,989 : log_message @0212: "GET /admin/login/?next=/admin/ HTTP/1.1" 200 4359
[INFO    :             django.server] - 2024-04-16 02:09:03,404 : log_message @0212: "POST /admin/login/?next=/admin/ HTTP/1.1" 200 4627
[INFO    :             django.server] - 2024-04-16 02:09:25,265 : log_message @0212: "POST /admin/login/?next=/admin/ HTTP/1.1" 200 4627
[INFO    :   django.utils.autoreload] - 2024-04-16 02:16:45,937 : run_with_reloader @0668: Watching for file changes with StatReloader
[INFO    :             django.server] - 2024-04-16 02:16:51,039 : log_message @0212: "POST /admin/login/?next=/admin/ HTTP/1.1" 200 4627
[INFO    :             django.server] - 2024-04-16 02:16:55,104 : log_message @0212: "POST /admin/login/?next=/admin/ HTTP/1.1" 200 4627
[INFO    :   django.utils.autoreload] - 2024-04-16 02:20:04,613 : run_with_reloader @0668: Watching for file changes with StatReloader
[INFO    :             django.server] - 2024-04-16 02:20:24,342 : log_message @0212: "POST /admin/login/?next=/admin/ HTTP/1.1" 302 0
[INFO    :             django.server] - 2024-04-16 02:20:24,384 : log_message @0212: "GET /admin/ HTTP/1.1" 200 7551
[INFO    :             django.server] - 2024-04-16 02:20:24,421 : log_message @0212: "GET /static/admin/css/dashboard.css HTTP/1.1" 200 441
[INFO    :             django.server] - 2024-04-16 02:20:24,429 : log_message @0212: "GET /static/admin/img/icon-addlink.svg HTTP/1.1" 200 331
[INFO    :             django.server] - 2024-04-16 02:20:24,429 : log_message @0212: "GET /static/admin/img/icon-changelink.svg HTTP/1.1" 200 380
[INFO    :             django.server] - 2024-04-16 02:20:41,304 : log_message @0212: "GET /admin/homeWork5/product/add/ HTTP/1.1" 200 11705
[INFO    :             django.server] - 2024-04-16 02:20:41,326 : log_message @0212: "GET /static/admin/css/forms.css HTTP/1.1" 200 9090
[INFO    :             django.server] - 2024-04-16 02:20:41,335 : log_message @0212: "GET /static/admin/js/collapse.js HTTP/1.1" 200 1803
[INFO    :             django.server] - 2024-04-16 02:20:41,339 : log_message @0212: "GET /static/admin/js/jquery.init.js HTTP/1.1" 200 347
[INFO    :             django.server] - 2024-04-16 02:20:41,339 : log_message @0212: "GET /static/admin/js/core.js HTTP/1.1" 200 6208
[INFO    :             django.server] - 2024-04-16 02:20:41,342 : log_message @0212: "GET /static/admin/js/admin/RelatedObjectLookups.js HTTP/1.1" 200 9042
[INFO    :             django.server] - 2024-04-16 02:20:41,345 : log_message @0212: "GET /static/admin/css/widgets.css HTTP/1.1" 200 11800
[INFO    :             django.server] - 2024-04-16 02:20:41,345 : log_message @0212: "GET /admin/jsi18n/ HTTP/1.1" 200 17546
[INFO    :             django.server] - 2024-04-16 02:20:41,361 : log_message @0212: "GET /static/admin/js/prepopulate.js HTTP/1.1" 200 1531
[INFO    :             django.server] - 2024-04-16 02:20:41,361 : log_message @0212: "GET /static/admin/js/urlify.js HTTP/1.1" 200 7887
[INFO    :             django.server] - 2024-04-16 02:20:41,361 : log_message @0212: "GET /static/admin/js/actions.js HTTP/1.1" 200 8067
[INFO    :             django.server] - 2024-04-16 02:20:41,365 : log_message @0212: "GET /static/admin/js/prepopulate_init.js HTTP/1.1" 200 586
[INFO    :             django.server] - 2024-04-16 02:20:41,366 : log_message @0212: "GET /static/admin/js/vendor/jquery/jquery.js HTTP/1.1" 200 285314
[INFO    :             django.server] - 2024-04-16 02:20:41,383 : log_message @0212: "GET /static/admin/js/change_form.js HTTP/1.1" 200 606
[INFO    :             django.server] - 2024-04-16 02:20:41,411 : log_message @0212: "GET /static/admin/js/vendor/xregexp/xregexp.js HTTP/1.1" 200 325171
[INFO    :             django.server] - 2024-04-16 02:20:47,160 : log_message @0212: "GET /admin/homeWork5/order/add/ HTTP/1.1" 200 13429
[INFO    :             django.server] - 2024-04-16 02:20:47,176 : log_message @0212: "GET /admin/jsi18n/ HTTP/1.1" 200 17546
[INFO    :             django.server] - 2024-04-16 02:20:47,179 : log_message @0212: "GET /static/admin/img/icon-viewlink.svg HTTP/1.1" 200 581
[INFO    :             django.server] - 2024-04-16 02:20:52,511 : log_message @0212: "GET /admin/homeWork5/client/add/ HTTP/1.1" 200 11357
[INFO    :             django.server] - 2024-04-16 02:20:52,527 : log_message @0212: "GET /admin/jsi18n/ HTTP/1.1" 200 17546
